INFO  2025-09-27 10:56:55,863 serena.cli:health_check:557 - Starting health check for project: C:\Users\yj437\OneDrive\Desktop\coding\css_picker_Pr
INFO  2025-09-27 10:56:55,863 serena.cli:health_check:561 - Creating SerenaAgent with disabled dashboard...
INFO  2025-09-27 10:56:56,493 serena.agent:__init__:204 - Starting Serena server (version=0.1.4-e767f60d-dirty, process id=6364, parent process id=19384)
INFO  2025-09-27 10:56:56,494 serena.agent:__init__:205 - Configuration file: None
INFO  2025-09-27 10:56:56,495 serena.agent:__init__:206 - Available projects: 
INFO  2025-09-27 10:56:56,499 serena.agent:__init__:207 - Loaded tools (36): read_file, create_text_file, list_dir, find_file, replace_regex, delete_lines, replace_lines, insert_at_line, search_for_pattern, restart_language_server, get_symbols_overview, find_symbol, find_referencing_symbols, replace_symbol_body, insert_after_symbol, insert_before_symbol, write_memory, read_memory, list_memories, delete_memory, execute_shell_command, activate_project, remove_project, switch_modes, get_current_config, check_onboarding_performed, onboarding, think_about_collected_information, think_about_task_adherence, think_about_whether_you_are_done, summarize_changes, prepare_for_new_conversation, initial_instructions, jet_brains_find_symbol, jet_brains_find_referencing_symbols, jet_brains_get_symbols_overview
INFO  2025-09-27 10:56:56,499 serena.config.serena_config:apply:106 - SerenaAgentContext[name='desktop-app'] included 1 tools: switch_modes
INFO  2025-09-27 10:56:56,501 serena.agent:__init__:221 - Number of exposed tools: 26
INFO  2025-09-27 10:56:56,518 serena.agent:_update_active_tools:401 - Active tools (26): activate_project, check_onboarding_performed, create_text_file, delete_memory, execute_shell_command, find_file, find_referencing_symbols, find_symbol, get_current_config, get_symbols_overview, insert_after_symbol, insert_before_symbol, list_dir, list_memories, onboarding, prepare_for_new_conversation, read_file, read_memory, replace_regex, replace_symbol_body, search_for_pattern, switch_modes, think_about_collected_information, think_about_task_adherence, think_about_whether_you_are_done, write_memory
INFO  2025-09-27 10:56:56,535 serena.util.file_system:start:329 - Loading of .gitignore files starting ...
INFO  2025-09-27 10:56:56,535 serena.util.file_system:_load_gitignore_files:148 - Processing .gitignore file: C:\Users\yj437\OneDrive\Desktop\coding\css_picker_Pr\.gitignore
INFO  2025-09-27 10:56:56,537 serena.util.file_system:_load_gitignore_files:148 - Processing .gitignore file: C:\Users\yj437\OneDrive\Desktop\coding\css_picker_Pr\.serena\.gitignore
INFO  2025-09-27 10:56:56,537 serena.util.file_system:_load_gitignore_files:148 - Processing .gitignore file: C:\Users\yj437\OneDrive\Desktop\coding\css_picker_Pr\css_picker\.gitignore
INFO  2025-09-27 10:56:56,632 serena.util.file_system:stop:336 - Loading of .gitignore files completed in 0.098 seconds
INFO  2025-09-27 10:56:56,634 serena.agent:load_project_from_path_or_name:476 - Added new project css_picker_Pr for path C:\Users\yj437\OneDrive\Desktop\coding\css_picker_Pr
INFO  2025-09-27 10:56:56,634 serena.agent:_activate_project:441 - Activating css_picker_Pr at C:\Users\yj437\OneDrive\Desktop\coding\css_picker_Pr
INFO  2025-09-27 10:56:56,635 serena.agent:_update_active_tools:401 - Active tools (26): activate_project, check_onboarding_performed, create_text_file, delete_memory, execute_shell_command, find_file, find_referencing_symbols, find_symbol, get_current_config, get_symbols_overview, insert_after_symbol, insert_before_symbol, list_dir, list_memories, onboarding, prepare_for_new_conversation, read_file, read_memory, replace_regex, replace_symbol_body, search_for_pattern, switch_modes, think_about_collected_information, think_about_task_adherence, think_about_whether_you_are_done, write_memory
INFO  2025-09-27 10:56:56,636 serena.agent:issue_task:420 - Scheduling Task-1[init_language_server]
INFO  2025-09-27 10:56:56,636 serena.agent:start:329 - Task-1[init_language_server] starting ...
INFO  2025-09-27 10:56:56,636 serena.cli:health_check:564 - SerenaAgent created successfully
INFO  2025-09-27 10:56:56,636 serena.agent:start:329 - Language server initialization starting ...
INFO  2025-09-27 10:56:56,637 serena.cli:health_check:567 - Searching for analyzable files...
INFO  2025-09-27 10:56:56,637 serena.project:create_language_server:303 - Creating language server instance for C:\Users\yj437\OneDrive\Desktop\coding\css_picker_Pr.
INFO  2025-09-27 10:56:57,319 solidlsp:_setup_runtime_dependencies:125 - Typescript Language Server executable not found at C:\Users\yj437\.serena\language_servers\static\TypeScriptLanguageServer\ts-lsp\node_modules\.bin\typescript-language-server. Installing...
INFO  2025-09-27 10:56:57,319 solidlsp:start:329 - Installation of TypeScript language server dependencies starting ...
INFO  2025-09-27 10:56:57,322 solidlsp.language_servers.common:_run_command:114 - Running command ['npm', 'install', '--prefix', './', 'typescript@5.5.4'] in 'C:\Users\yj437\.serena\language_servers\static\TypeScriptLanguageServer\ts-lsp'
INFO  2025-09-27 10:56:57,405 serena.cli:health_check:576 - Found analyzable file: css_picker\backend\app\static\main.js
INFO  2025-09-27 10:56:57,406 serena.cli:health_check:594 - Testing GetSymbolsOverviewTool on file: css_picker\backend\app\static\main.js
INFO  2025-09-27 10:56:57,407 serena.agent:issue_task:420 - Scheduling Task-2[<lambda>]
INFO  2025-09-27 10:56:59,479 solidlsp.language_servers.common:_run_command:129 - Command completed successfully
INFO  2025-09-27 10:56:59,479 solidlsp.language_servers.common:_run_command:114 - Running command ['npm', 'install', '--prefix', './', 'typescript-language-server@4.3.3'] in 'C:\Users\yj437\.serena\language_servers\static\TypeScriptLanguageServer\ts-lsp'
INFO  2025-09-27 10:57:01,408 solidlsp.language_servers.common:_run_command:129 - Command completed successfully
INFO  2025-09-27 10:57:01,409 solidlsp:stop:336 - Installation of TypeScript language server dependencies completed in 4.089 seconds
INFO  2025-09-27 10:57:01,415 serena.agent:reset_language_server:594 - Starting the language server for css_picker_Pr
INFO  2025-09-27 10:57:01,417 solidlsp:start:1622 - Starting language server with language typescript for C:\Users\yj437\OneDrive\Desktop\coding\css_picker_Pr
INFO  2025-09-27 10:57:01,419 solidlsp:_start_server:224 - Starting TypeScript server process
INFO  2025-09-27 10:57:01,419 solidlsp.ls_handler:start:189 - Starting language server process via command: ['C:\\Users\\yj437\\.serena\\language_servers\\static\\TypeScriptLanguageServer\\ts-lsp\\node_modules\\.bin\\typescript-language-server', '--stdio']
INFO  2025-09-27 10:57:01,441 solidlsp:_start_server:228 - Sending initialize request from LSP client to LSP server and awaiting response
INFO  2025-09-27 10:57:01,690 solidlsp:window_log_message:207 - LSP: window/logMessage: {"type": 3, "message": "Using Typescript version (bundled) 5.5.4 from path "C:\\Users\\yj437\\.serena\\language_servers\\static\\TypeScriptLanguageServer\\ts-lsp\\node_modules\\typescript\\lib\\tsserver.js""}
INFO  2025-09-27 10:57:02,699 solidlsp:_start_server:246 - Timeout waiting for TypeScript server to become ready, proceeding anyway
INFO  2025-09-27 10:57:02,700 serena.agent:stop:336 - Language server initialization completed in 6.063 seconds
INFO  2025-09-27 10:57:02,700 serena.agent:stop:336 - Task-1[init_language_server] completed in 6.064 seconds
INFO  2025-09-27 10:57:02,701 serena.agent:start:329 - Task-2[<lambda>] starting ...
INFO  2025-09-27 10:57:03,081 serena.agent:stop:336 - Task-2[<lambda>] completed in 0.380 seconds
INFO  2025-09-27 10:57:03,082 serena.cli:health_check:597 - GetSymbolsOverviewTool returned 1 symbols
INFO  2025-09-27 10:57:03,082 serena.cli:health_check:622 - Using symbol for testing: addEventListener("click") callback (kind: 12)
INFO  2025-09-27 10:57:03,083 serena.cli:health_check:625 - Testing FindSymbolTool for symbol: addEventListener("click") callback
INFO  2025-09-27 10:57:03,083 serena.agent:issue_task:420 - Scheduling Task-3[<lambda>]
INFO  2025-09-27 10:57:03,083 serena.agent:start:329 - Task-3[<lambda>] starting ...
INFO  2025-09-27 10:57:03,090 serena.agent:stop:336 - Task-3[<lambda>] completed in 0.007 seconds
INFO  2025-09-27 10:57:03,091 serena.cli:health_check:630 - FindSymbolTool found 1 matches for symbol addEventListener("click") callback
INFO  2025-09-27 10:57:03,091 serena.cli:health_check:633 - Testing FindReferencingSymbolsTool for symbol: addEventListener("click") callback
INFO  2025-09-27 10:57:03,091 serena.agent:issue_task:420 - Scheduling Task-4[<lambda>]
INFO  2025-09-27 10:57:03,091 serena.agent:start:329 - Task-4[<lambda>] starting ...
INFO  2025-09-27 10:57:04,101 serena.agent:stop:336 - Task-4[<lambda>] completed in 1.009 seconds
INFO  2025-09-27 10:57:04,101 serena.cli:health_check:637 - FindReferencingSymbolsTool found 0 references for symbol addEventListener("click") callback
INFO  2025-09-27 10:57:04,104 serena.cli:health_check:643 - Testing SearchForPatternTool for pattern: addEventListener("click") callback
INFO  2025-09-27 10:57:04,104 serena.agent:issue_task:420 - Scheduling Task-5[<lambda>]
INFO  2025-09-27 10:57:04,104 serena.agent:start:329 - Task-5[<lambda>] starting ...
INFO  2025-09-27 10:57:04,805 serena.text_utils:search_files:326 - Processing 12 files.
INFO  2025-09-27 10:57:04,907 serena.text_utils:search_files:367 - Found 0 total matches across 12 files
INFO  2025-09-27 10:57:04,908 serena.agent:stop:336 - Task-5[<lambda>] completed in 0.803 seconds
INFO  2025-09-27 10:57:04,908 serena.cli:health_check:650 - SearchForPatternTool found 0 pattern matches for addEventListener("click") callback
WARNING 2025-09-27 10:57:04,908 serena.cli:health_check:662 - Both FindReferencingSymbolsTool and SearchForPatternTool found no matches - this might indicate an issue
INFO  2025-09-27 10:57:04,909 serena.cli:health_check:664 - Health check completed successfully
